Log at : 2023/6/10|11:05:10|GMT+0800

Log at : 2023/6/10|11:05:17|GMT+0800

Log at : 2023/6/10|11:09:32|GMT+0800

Log at : 2023/6/10|14:13:57|GMT+0800

[SyntaxError: Unexpected token } in JSON at position 3829
	at JSON.parse (<anonymous>)
	at I.updateCppProperties (c:\Users\Administrator\.vscode\extensions\cl.keil-assistant-1.6.2\dist\extension.js:1:9921)
	at I.<anonymous> (c:\Users\Administrator\.vscode\extensions\cl.keil-assistant-1.6.2\dist\extension.js:1:11492)
	at Generator.next (<anonymous>)
	at c:\Users\Administrator\.vscode\extensions\cl.keil-assistant-1.6.2\dist\extension.js:1:4542
	at new Promise (<anonymous>)
	at r (c:\Users\Administrator\.vscode\extensions\cl.keil-assistant-1.6.2\dist\extension.js:1:4287)
	at I.load (c:\Users\Administrator\.vscode\extensions\cl.keil-assistant-1.6.2\dist\extension.js:1:10382)
	at x.<anonymous> (c:\Users\Administrator\.vscode\extensions\cl.keil-assistant-1.6.2\dist\extension.js:1:8182)
	at Generator.next (<anonymous>)
	at a (c:\Users\Administrator\.vscode\extensions\cl.keil-assistant-1.6.2\dist\extension.js:1:4344)
	at process.processTicksAndRejections (node:internal/process/task_queues:96:5)]
Log at : 2023/6/10|15:48:28|GMT+0800

Log at : 2023/6/10|15:48:43|GMT+0800

Log at : 2023/6/10|15:49:37|GMT+0800

Log at : 2023/6/10|15:50:03|GMT+0800

Log at : 2023/6/10|15:54:34|GMT+0800

